Using pre-set license
Built from '2020.3/release' branch; Version is '2020.3.12f1 (b3b2c6512326) revision 11776710'; Using compiler version '192528614'; Build Type 'Release'
OS: 'Windows 10 Home; OS build 19045.3693; Version 2009; 64bit' Language: 'en' Physical Memory: 16282 MB
BatchMode: 1, IsHumanControllingUs: 0, StartBugReporterOnCrash: 0, Is64bit: 1, IsPro: 0

 COMMAND LINE ARGUMENTS:
C:\Program Files\Unity\Hub\Editor\2020.3.12f1\Editor\Unity.exe
-adb2
-batchMode
-noUpm
-name
AssetImportWorker0
-projectPath
C:/Users/derek/Documents/git_repos/huffman_lab/Landmarks
-logFile
Logs/AssetImportWorker0.log
-srvPort
57922
Successfully changed project path to: C:/Users/derek/Documents/git_repos/huffman_lab/Landmarks
C:/Users/derek/Documents/git_repos/huffman_lab/Landmarks
Using Asset Import Pipeline V2.
Refreshing native plugins compatible for Editor in 116.11 ms, found 2 plugins.
Preloading 0 native plugins for Editor in 0.00 ms.
Initialize engine version: 2020.3.12f1 (b3b2c6512326)
[Subsystems] Discovering subsystems at path C:/Program Files/Unity/Hub/Editor/2020.3.12f1/Editor/Data/Resources/UnitySubsystems
[Subsystems] Discovering subsystems at path C:/Users/derek/Documents/git_repos/huffman_lab/Landmarks/Assets
GfxDevice: creating device client; threaded=0
Direct3D:
    Version:  Direct3D 11.0 [level 11.1]
    Renderer: NVIDIA GeForce RTX 2070 with Max-Q Design (ID=0x1f10)
    Vendor:   
    VRAM:     8019 MB
    Driver:   31.0.15.3129
Initialize mono
Mono path[0] = 'C:/Program Files/Unity/Hub/Editor/2020.3.12f1/Editor/Data/Managed'
Mono path[1] = 'C:/Program Files/Unity/Hub/Editor/2020.3.12f1/Editor/Data/MonoBleedingEdge/lib/mono/unityjit'
Mono config path = 'C:/Program Files/Unity/Hub/Editor/2020.3.12f1/Editor/Data/MonoBleedingEdge/etc'
Using monoOptions --debugger-agent=transport=dt_socket,embedding=1,server=y,suspend=n,address=127.0.0.1:56628
Begin MonoManager ReloadAssembly
Registering precompiled unity dll's ...
Register platform support module: C:/Program Files/Unity/Hub/Editor/2020.3.12f1/Editor/Data/PlaybackEngines/WebGLSupport/UnityEditor.WebGL.Extensions.dll
Register platform support module: C:/Program Files/Unity/Hub/Editor/2020.3.12f1/Editor/Data/PlaybackEngines/MacStandaloneSupport/UnityEditor.OSXStandalone.Extensions.dll
Register platform support module: C:/Program Files/Unity/Hub/Editor/2020.3.12f1/Editor/Data/PlaybackEngines/WindowsStandaloneSupport/UnityEditor.WindowsStandalone.Extensions.dll
Register platform support module: C:/Program Files/Unity/Hub/Editor/2020.3.12f1/Editor/Data/PlaybackEngines/LinuxStandaloneSupport/UnityEditor.LinuxStandalone.Extensions.dll
Registered in 0.006906 seconds.
Native extension for LinuxStandalone target not found
Native extension for WindowsStandalone target not found
Native extension for OSXStandalone target not found
Native extension for WebGL target not found
Refreshing native plugins compatible for Editor in 138.45 ms, found 2 plugins.
Preloading 0 native plugins for Editor in 0.00 ms.
Mono: successfully reloaded assembly
- Completed reload, in  2.685 seconds
Platform modules already initialized, skipping
Registering precompiled user dll's ...
Registered in 0.011198 seconds.
Begin MonoManager ReloadAssembly
Native extension for LinuxStandalone target not found
Native extension for WindowsStandalone target not found
Native extension for OSXStandalone target not found
Native extension for WebGL target not found
Refreshing native plugins compatible for Editor in 0.88 ms, found 2 plugins.
Preloading 0 native plugins for Editor in 0.00 ms.
Mono: successfully reloaded assembly
- Completed reload, in  2.395 seconds
Platform modules already initialized, skipping
========================================================================
Worker process is ready to serve import requests
Launched and connected shader compiler UnityShaderCompiler.exe after 0.23 seconds
Refreshing native plugins compatible for Editor in 1.21 ms, found 2 plugins.
Preloading 0 native plugins for Editor in 0.00 ms.
Unloading 2005 Unused Serialized files (Serialized files now loaded: 0)
System memory in use before: 104.7 MB.
System memory in use after: 104.4 MB.

Unloading 24 unused Assets to reduce memory usage. Loaded Objects now: 2441.
Total: 4.074000 ms (FindLiveObjects: 0.422800 ms CreateObjectMapping: 0.164300 ms MarkObjects: 2.944500 ms  DeleteObjects: 0.539700 ms)

AssetImportParameters requested are different than current active one (requested -> active):
  custom:framework-win-MediaFoundation: 216162199b28c13a410421893ffa2e32 -> 
  custom:video-decoder-ogg-theora: a1e56fd34408186e4bbccfd4996cb3dc -> 
  custom:container-muxer-webm: aa71ff27fc2769a1b78a27578f13a17b -> 
  custom:container-demuxer-webm: 4f35f7cbe854078d1ac9338744f61a02 -> 
  custom:container-demuxer-ogg: 62fdf1f143b41e24485cea50d1cbac27 -> 
  custom:video-encoder-webm-vp8: eb34c28f22e8b96e1ab97ce403110664 -> 
  custom:video-decoder-webm-vp8: 9c59270c3fd7afecdb556c50c9e8de78 -> 
  custom:audio-decoder-ogg-vorbis: bf7c407c2cedff20999df2af8eb42d56 -> 
  custom:audio-encoder-webm-vorbis: bf7c407c2cedff20999df2af8eb42d56 -> 
========================================================================
Received Import Request.
  path: Assets/Landmarks/Prefabs/TASK_LearnTargets.prefab
  artifactKey: Guid(41e6964e688bb468db8869f849e9dfe9) Importer(815301076,1909f56bfc062723c751e8b465ee728b)
Start importing Assets/Landmarks/Prefabs/TASK_LearnTargets.prefab using Guid(41e6964e688bb468db8869f849e9dfe9) Importer(815301076,1909f56bfc062723c751e8b465ee728b)  -> (artifact id: '7ea8327e30d737313d6d996b0bf75abc') in 0.132490 seconds 
  Import took 0.136853 seconds .

========================================================================
Received Import Request.
  Time since last request: 0.000214 seconds.
  path: Assets/Landmarks/Prefabs/TASK_SelectItems.prefab
  artifactKey: Guid(ea590a551bbb4ad4d9605cb3551bbb6d) Importer(815301076,1909f56bfc062723c751e8b465ee728b)
Start importing Assets/Landmarks/Prefabs/TASK_SelectItems.prefab using Guid(ea590a551bbb4ad4d9605cb3551bbb6d) Importer(815301076,1909f56bfc062723c751e8b465ee728b)  -> (artifact id: 'c25001320945c13adc6a8aef7b2f33be') in 0.018433 seconds 
  Import took 0.023197 seconds .

========================================================================
Received Import Request.
  Time since last request: 0.000381 seconds.
  path: Assets/Landmarks/Prefabs/MapTestHighlight.prefab
  artifactKey: Guid(8ad3e0ad2e02241ec985c2d80eb59f46) Importer(815301076,1909f56bfc062723c751e8b465ee728b)
Start importing Assets/Landmarks/Prefabs/MapTestHighlight.prefab using Guid(8ad3e0ad2e02241ec985c2d80eb59f46) Importer(815301076,1909f56bfc062723c751e8b465ee728b)  -> (artifact id: 'f6db9759f11b3e759fb8da5028d6376f') in 0.015775 seconds 
  Import took 0.022516 seconds .

========================================================================
Received Import Request.
  Time since last request: 0.000462 seconds.
  path: Assets/Landmarks/Prefabs/AKB_Door.prefab
  artifactKey: Guid(7789917f1c5e2490e824ff02913fc7b5) Importer(815301076,1909f56bfc062723c751e8b465ee728b)
Start importing Assets/Landmarks/Prefabs/AKB_Door.prefab using Guid(7789917f1c5e2490e824ff02913fc7b5) Importer(815301076,1909f56bfc062723c751e8b465ee728b)  -> (artifact id: '8e9da94f2540ed68d19c7f7eb056237c') in 0.314836 seconds 
  Import took 0.320939 seconds .

========================================================================
Received Import Request.
  Time since last request: 0.000376 seconds.
  path: Assets/Landmarks/Prefabs/_Landmarks_.prefab
  artifactKey: Guid(0eaa84beeb5544ef08a8fa759a1176ce) Importer(815301076,1909f56bfc062723c751e8b465ee728b)
Start importing Assets/Landmarks/Prefabs/_Landmarks_.prefab using Guid(0eaa84beeb5544ef08a8fa759a1176ce) Importer(815301076,1909f56bfc062723c751e8b465ee728b)  -> (artifact id: 'f8b9ff84ec038ce6fd1d018695a12849') in 0.827923 seconds 
  Import took 0.855691 seconds .

========================================================================
Received Import Request.
  Time since last request: 0.000717 seconds.
  path: Assets/Landmarks/Prefabs/MODULE_ObjectList.prefab
  artifactKey: Guid(1d246f0aa2088492c8c6b58caf701875) Importer(815301076,1909f56bfc062723c751e8b465ee728b)
Start importing Assets/Landmarks/Prefabs/MODULE_ObjectList.prefab using Guid(1d246f0aa2088492c8c6b58caf701875) Importer(815301076,1909f56bfc062723c751e8b465ee728b)  -> (artifact id: '945e41e119332b8206fba11fa1f0456f') in 0.035592 seconds 
  Import took 0.047928 seconds .

========================================================================
Received Import Request.
  Time since last request: 0.000861 seconds.
  path: Assets/Landmarks/Prefabs/MODULE_TaskList.prefab
  artifactKey: Guid(8040ea85bcd1c434aaa9cd4829243000) Importer(815301076,1909f56bfc062723c751e8b465ee728b)
Start importing Assets/Landmarks/Prefabs/MODULE_TaskList.prefab using Guid(8040ea85bcd1c434aaa9cd4829243000) Importer(815301076,1909f56bfc062723c751e8b465ee728b)  -> (artifact id: 'cf4ea90a5520b6ced2e42b33bf442c31') in 0.034938 seconds 
  Import took 0.048160 seconds .

========================================================================
Received Import Request.
  Time since last request: 0.000896 seconds.
  path: Assets/Landmarks/Prefabs/TASK_Mappit.prefab
  artifactKey: Guid(e5c8be5fe547f4ab68b340a860a90b82) Importer(815301076,1909f56bfc062723c751e8b465ee728b)
Start importing Assets/Landmarks/Prefabs/TASK_Mappit.prefab using Guid(e5c8be5fe547f4ab68b340a860a90b82) Importer(815301076,1909f56bfc062723c751e8b465ee728b)  -> (artifact id: '9139416c41ac40503e0d5aa191a5cdcc') in 0.047136 seconds 
  Import took 0.057711 seconds .

========================================================================
Received Import Request.
  Time since last request: 0.000708 seconds.
  path: Assets/Landmarks/Prefabs/TASK_SliderQuestions.prefab
  artifactKey: Guid(8ebbdd57e6d54465a83b3692d7693a3e) Importer(815301076,1909f56bfc062723c751e8b465ee728b)
Start importing Assets/Landmarks/Prefabs/TASK_SliderQuestions.prefab using Guid(8ebbdd57e6d54465a83b3692d7693a3e) Importer(815301076,1909f56bfc062723c751e8b465ee728b)  -> (artifact id: '08650215ae3bd3b3cc331b3be3560913') in 0.043937 seconds 
  Import took 0.054745 seconds .

========================================================================
Received Import Request.
  Time since last request: 0.000818 seconds.
  path: Assets/Landmarks/Prefabs/TASK_ViewStimuliTimed.prefab
  artifactKey: Guid(1e918461dfaa3a04d9a3df920a8e1415) Importer(815301076,1909f56bfc062723c751e8b465ee728b)
Start importing Assets/Landmarks/Prefabs/TASK_ViewStimuliTimed.prefab using Guid(1e918461dfaa3a04d9a3df920a8e1415) Importer(815301076,1909f56bfc062723c751e8b465ee728b)  -> (artifact id: '9d82292664e2913acc7e80b2d1996d5d') in 0.064339 seconds 
  Import took 0.079267 seconds .

========================================================================
Received Import Request.
  Time since last request: 0.000718 seconds.
  path: Assets/Landmarks/Prefabs/TASK_NavigationTask.prefab
  artifactKey: Guid(4e09813be04144d928219cb9abe866cf) Importer(815301076,1909f56bfc062723c751e8b465ee728b)
Start importing Assets/Landmarks/Prefabs/TASK_NavigationTask.prefab using Guid(4e09813be04144d928219cb9abe866cf) Importer(815301076,1909f56bfc062723c751e8b465ee728b)  -> (artifact id: '6050a89d0dc335201b6d3285da0513c4') in 0.074510 seconds 
  Import took 0.091723 seconds .

========================================================================
Received Import Request.
  Time since last request: 0.000736 seconds.
  path: Assets/Landmarks/Prefabs/TASK_OrderItems.prefab
  artifactKey: Guid(d451c67684b8e4cf3b21704b8abd16d9) Importer(815301076,1909f56bfc062723c751e8b465ee728b)
Start importing Assets/Landmarks/Prefabs/TASK_OrderItems.prefab using Guid(d451c67684b8e4cf3b21704b8abd16d9) Importer(815301076,1909f56bfc062723c751e8b465ee728b)  -> (artifact id: '6b897e7168997507b2bf20621e29e29f') in 0.053080 seconds 
  Import took 0.066876 seconds .

========================================================================
Received Import Request.
  Time since last request: 0.000510 seconds.
  path: Assets/Landmarks/Prefabs/TASK_ChangeDetection.prefab
  artifactKey: Guid(61901766648714a15b061d464ea46247) Importer(815301076,1909f56bfc062723c751e8b465ee728b)
Start importing Assets/Landmarks/Prefabs/TASK_ChangeDetection.prefab using Guid(61901766648714a15b061d464ea46247) Importer(815301076,1909f56bfc062723c751e8b465ee728b)  -> (artifact id: '8df45e37fa02195c9fbd5d866722f129') in 0.027060 seconds 
  Import took 0.035450 seconds .

========================================================================
Received Import Request.
  Time since last request: 0.000544 seconds.
  path: Assets/Landmarks/Prefabs/MODULE_InstructionsTask.prefab
  artifactKey: Guid(1cdba27a9daf441bbb5e084eeaf61a72) Importer(815301076,1909f56bfc062723c751e8b465ee728b)
Start importing Assets/Landmarks/Prefabs/MODULE_InstructionsTask.prefab using Guid(1cdba27a9daf441bbb5e084eeaf61a72) Importer(815301076,1909f56bfc062723c751e8b465ee728b)  -> (artifact id: '1c58f3eed1abc24da14ba0e3ec24168c') in 0.022580 seconds 
  Import took 0.029870 seconds .

========================================================================
Received Import Request.
  Time since last request: 0.000457 seconds.
  path: Assets/Landmarks/Prefabs/TASK_SOP.prefab
  artifactKey: Guid(d95e9e0a666b84fa589f46b456ce4dd6) Importer(815301076,1909f56bfc062723c751e8b465ee728b)
Start importing Assets/Landmarks/Prefabs/TASK_SOP.prefab using Guid(d95e9e0a666b84fa589f46b456ce4dd6) Importer(815301076,1909f56bfc062723c751e8b465ee728b)  -> (artifact id: '5c44734d9c138b875cd68159d49ff8d8') in 0.032578 seconds 
  Import took 0.040332 seconds .

========================================================================
Received Import Request.
  Time since last request: 0.000585 seconds.
  path: Assets/Landmarks/Prefabs/MODULE_TaskBlock.prefab
  artifactKey: Guid(4c8fd3470e3094ab39fc1ff800bb6559) Importer(815301076,1909f56bfc062723c751e8b465ee728b)
Start importing Assets/Landmarks/Prefabs/MODULE_TaskBlock.prefab using Guid(4c8fd3470e3094ab39fc1ff800bb6559) Importer(815301076,1909f56bfc062723c751e8b465ee728b)  -> (artifact id: 'dcb243fd247d1b2e6d20aa2e97ed55aa') in 0.024338 seconds 
  Import took 0.032233 seconds .

========================================================================
Received Import Request.
  Time since last request: 0.000509 seconds.
  path: Assets/Landmarks/Prefabs/TASK_JRD.prefab
  artifactKey: Guid(7fa3914b26c5547b89b7f4cfa3d18195) Importer(815301076,1909f56bfc062723c751e8b465ee728b)
Start importing Assets/Landmarks/Prefabs/TASK_JRD.prefab using Guid(7fa3914b26c5547b89b7f4cfa3d18195) Importer(815301076,1909f56bfc062723c751e8b465ee728b)  -> (artifact id: '067fad8f7a19aabd3fac5ec8b1bf32d5') in 0.026412 seconds 
  Import took 0.034688 seconds .

========================================================================
Received Import Request.
  Time since last request: 0.000541 seconds.
  path: Assets/Landmarks/Prefabs/AzureStorageBlob.prefab
  artifactKey: Guid(c602f70112c7a47c1aea51da7fb659b4) Importer(815301076,1909f56bfc062723c751e8b465ee728b)
Start importing Assets/Landmarks/Prefabs/AzureStorageBlob.prefab using Guid(c602f70112c7a47c1aea51da7fb659b4) Importer(815301076,1909f56bfc062723c751e8b465ee728b)  -> (artifact id: '40e1b126f3a5231f0f577f53e24e3e55') in 0.035735 seconds 
  Import took 0.046729 seconds .

========================================================================
Received Import Request.
  Time since last request: 0.000905 seconds.
  path: Assets/Landmarks/Prefabs/TASK_Break_VR.prefab
  artifactKey: Guid(62fcdbd8270ccc146b78474616442cff) Importer(815301076,1909f56bfc062723c751e8b465ee728b)
Start importing Assets/Landmarks/Prefabs/TASK_Break_VR.prefab using Guid(62fcdbd8270ccc146b78474616442cff) Importer(815301076,1909f56bfc062723c751e8b465ee728b)  -> (artifact id: '86fdde8cfe3670b4782744d6f6a6cb20') in 0.033710 seconds 
  Import took 0.045025 seconds .

========================================================================
Received Import Request.
  Time since last request: 0.000730 seconds.
  path: Assets/Landmarks/Prefabs/OBJECT_Compass.prefab
  artifactKey: Guid(a559cc6f320e14f4caead252283d51ef) Importer(815301076,1909f56bfc062723c751e8b465ee728b)
Start importing Assets/Landmarks/Prefabs/OBJECT_Compass.prefab using Guid(a559cc6f320e14f4caead252283d51ef) Importer(815301076,1909f56bfc062723c751e8b465ee728b)  -> (artifact id: '64f9ab234c3b08fd5501270ced76505b') in 0.284652 seconds 
  Import took 0.294853 seconds .

========================================================================
Received Import Request.
  Time since last request: 0.000522 seconds.
  path: Assets/Landmarks/Prefabs/TASK_NavRDJ.prefab
  artifactKey: Guid(2eb36d272c7e54d088d5238154d24cab) Importer(815301076,1909f56bfc062723c751e8b465ee728b)
Start importing Assets/Landmarks/Prefabs/TASK_NavRDJ.prefab using Guid(2eb36d272c7e54d088d5238154d24cab) Importer(815301076,1909f56bfc062723c751e8b465ee728b)  -> (artifact id: '55ffa8ee3de94b99878c5fe55ef84414') in 0.036255 seconds 
  Import took 0.046776 seconds .

========================================================================
Received Import Request.
  Time since last request: 0.000562 seconds.
  path: Assets/Landmarks/Prefabs/TaskLoop.prefab
  artifactKey: Guid(411209a90afc743ada370e05748012a4) Importer(815301076,1909f56bfc062723c751e8b465ee728b)
Start importing Assets/Landmarks/Prefabs/TaskLoop.prefab using Guid(411209a90afc743ada370e05748012a4) Importer(815301076,1909f56bfc062723c751e8b465ee728b)  -> (artifact id: 'e1c61d6fdc744a920594696c2305aeb2') in 0.020982 seconds 
  Import took 0.029311 seconds .

========================================================================
Received Import Request.
  Time since last request: 0.000441 seconds.
  path: Assets/Landmarks/Prefabs/Wall_and_Door.prefab
  artifactKey: Guid(b674663fd818c4838a25ad7c7e4f4294) Importer(815301076,1909f56bfc062723c751e8b465ee728b)
Start importing Assets/Landmarks/Prefabs/Wall_and_Door.prefab using Guid(b674663fd818c4838a25ad7c7e4f4294) Importer(815301076,1909f56bfc062723c751e8b465ee728b)  -> (artifact id: 'c880678b75a7ebc0396cd046bd1747e5') in 0.034053 seconds 
  Import took 0.041215 seconds .

========================================================================
Received Import Request.
  Time since last request: 0.000496 seconds.
  path: Assets/Landmarks/Prefabs/SteamVR_HUD.prefab
  artifactKey: Guid(6a71ba01c9e92408d959a1fbbaf55999) Importer(815301076,1909f56bfc062723c751e8b465ee728b)
Start importing Assets/Landmarks/Prefabs/SteamVR_HUD.prefab using Guid(6a71ba01c9e92408d959a1fbbaf55999) Importer(815301076,1909f56bfc062723c751e8b465ee728b)  -> (artifact id: '3e62a30f949ca2c263f9c8b5600eb8be') in 0.044687 seconds 
  Import took 0.052174 seconds .

========================================================================
Received Import Request.
  Time since last request: 0.000574 seconds.
  path: Assets/Landmarks/Prefabs/MODULE_TaskTrials.prefab
  artifactKey: Guid(7e23a13cec56e4debbe82fac8d9695a3) Importer(815301076,1909f56bfc062723c751e8b465ee728b)
Start importing Assets/Landmarks/Prefabs/MODULE_TaskTrials.prefab using Guid(7e23a13cec56e4debbe82fac8d9695a3) Importer(815301076,1909f56bfc062723c751e8b465ee728b)  -> (artifact id: '5e854f67406ef18d7edeb1e8a96cfd8b') in 0.021757 seconds 
  Import took 0.029119 seconds .

========================================================================
Received Import Request.
  Time since last request: 302.501145 seconds.
  path: Assets/Landmarks/Scenes
  artifactKey: Guid(e5a02b77c6a90469aa9ca2ab5484f321) Importer(815301076,1909f56bfc062723c751e8b465ee728b)
Start importing Assets/Landmarks/Scenes using Guid(e5a02b77c6a90469aa9ca2ab5484f321) Importer(815301076,1909f56bfc062723c751e8b465ee728b)  -> (artifact id: 'bb62f642d2885e9af1a26bd5aedc5caa') in 0.022439 seconds 
  Import took 0.034598 seconds .

========================================================================
Received Import Request.
  Time since last request: 0.019698 seconds.
  path: Assets/Landmarks/Scenes
  artifactKey: Guid(e5a02b77c6a90469aa9ca2ab5484f321) Importer(815301076,1909f56bfc062723c751e8b465ee728b)
Start importing Assets/Landmarks/Scenes using Guid(e5a02b77c6a90469aa9ca2ab5484f321) Importer(815301076,1909f56bfc062723c751e8b465ee728b)  -> (artifact id: 'bb62f642d2885e9af1a26bd5aedc5caa') in 0.006265 seconds 
  Import took 0.015755 seconds .

========================================================================
Received Import Request.
  Time since last request: 1.334563 seconds.
  path: Assets/Landmarks/Scenes/HuffmanLab
  artifactKey: Guid(ac181814467df6f4287259feb8fdcc97) Importer(815301076,1909f56bfc062723c751e8b465ee728b)
Start importing Assets/Landmarks/Scenes/HuffmanLab using Guid(ac181814467df6f4287259feb8fdcc97) Importer(815301076,1909f56bfc062723c751e8b465ee728b)  -> (artifact id: 'fba0e64b4388144b1beb03597d6b51ce') in 0.013617 seconds 
  Import took 0.018830 seconds .

========================================================================
Received Import Request.
  Time since last request: 2.350937 seconds.
  path: Assets/Landmarks/Scenes/HuffmanLab/AB_Thesis
  artifactKey: Guid(d893d3c7ccb454f6eb739c0915460f38) Importer(815301076,1909f56bfc062723c751e8b465ee728b)
Start importing Assets/Landmarks/Scenes/HuffmanLab/AB_Thesis using Guid(d893d3c7ccb454f6eb739c0915460f38) Importer(815301076,1909f56bfc062723c751e8b465ee728b)  -> (artifact id: 'ff28d8577083683a9119b092076a76ea') in 0.012926 seconds 
  Import took 0.018123 seconds .

========================================================================
Received Import Request.
  Time since last request: 1.400782 seconds.
  path: Assets/Landmarks/Scenes/HuffmanLab/AB_Thesis/Ainsley_Thesis.unity
  artifactKey: Guid(7f4b222c7cb244f78888398add7a62fa) Importer(815301076,1909f56bfc062723c751e8b465ee728b)
Start importing Assets/Landmarks/Scenes/HuffmanLab/AB_Thesis/Ainsley_Thesis.unity using Guid(7f4b222c7cb244f78888398add7a62fa) Importer(815301076,1909f56bfc062723c751e8b465ee728b)  -> (artifact id: 'e75aeee21d2ac71f684700f7c8e6314b') in 0.013226 seconds 
  Import took 0.018137 seconds .

========================================================================
Received Import Request.
  Time since last request: 49.216541 seconds.
  path: Assets/Landmarks/Scripts
  artifactKey: Guid(06f0cf139fc3c4a7582bb8941f3e0d06) Importer(815301076,1909f56bfc062723c751e8b465ee728b)
Start importing Assets/Landmarks/Scripts using Guid(06f0cf139fc3c4a7582bb8941f3e0d06) Importer(815301076,1909f56bfc062723c751e8b465ee728b)  -> (artifact id: '852d135138a83225a4715582150c998a') in 0.013700 seconds 
  Import took 0.019082 seconds .

========================================================================
Received Import Request.
  Time since last request: 0.012223 seconds.
  path: Assets/Landmarks/Scripts
  artifactKey: Guid(06f0cf139fc3c4a7582bb8941f3e0d06) Importer(815301076,1909f56bfc062723c751e8b465ee728b)
Start importing Assets/Landmarks/Scripts using Guid(06f0cf139fc3c4a7582bb8941f3e0d06) Importer(815301076,1909f56bfc062723c751e8b465ee728b)  -> (artifact id: '852d135138a83225a4715582150c998a') in 0.003638 seconds 
  Import took 0.008684 seconds .

========================================================================
Received Import Request.
  Time since last request: 3.681812 seconds.
  path: Assets/Landmarks/Scripts/ExperimentTask.cs
  artifactKey: Guid(805376c896f084bbbaa0823cc2c1c8bc) Importer(815301076,1909f56bfc062723c751e8b465ee728b)
Start importing Assets/Landmarks/Scripts/ExperimentTask.cs using Guid(805376c896f084bbbaa0823cc2c1c8bc) Importer(815301076,1909f56bfc062723c751e8b465ee728b)  -> (artifact id: 'b86b97b764d3e1e5faf3c46c786e8dc3') in 0.021361 seconds 
  Import took 0.027024 seconds .

========================================================================
Received Import Request.
  Time since last request: 0.025939 seconds.
  path: Assets/Landmarks/Scripts/ExperimentTask.cs
  artifactKey: Guid(805376c896f084bbbaa0823cc2c1c8bc) Importer(815301076,1909f56bfc062723c751e8b465ee728b)
Start importing Assets/Landmarks/Scripts/ExperimentTask.cs using Guid(805376c896f084bbbaa0823cc2c1c8bc) Importer(815301076,1909f56bfc062723c751e8b465ee728b)  -> (artifact id: 'b86b97b764d3e1e5faf3c46c786e8dc3') in 0.002843 seconds 
  Import took 0.006585 seconds .

========================================================================
Received Import Request.
  Time since last request: 1134.655311 seconds.
  path: Assets/Landmarks/Scripts/ExpState.cs
  artifactKey: Guid(d15376642f5d6486d9088c7e3eb85e88) Importer(815301076,1909f56bfc062723c751e8b465ee728b)
Start importing Assets/Landmarks/Scripts/ExpState.cs using Guid(d15376642f5d6486d9088c7e3eb85e88) Importer(815301076,1909f56bfc062723c751e8b465ee728b)  -> (artifact id: 'd527b3f5a6620a4344deb6618bfe9c4b') in 0.015444 seconds 
  Import took 0.023867 seconds .

========================================================================
Received Import Request.
  Time since last request: 0.891288 seconds.
  path: Assets/Landmarks/Scripts/generate_paths.py
  artifactKey: Guid(375bc902dbde1470fb31dbe1f059df0b) Importer(815301076,1909f56bfc062723c751e8b465ee728b)
Start importing Assets/Landmarks/Scripts/generate_paths.py using Guid(375bc902dbde1470fb31dbe1f059df0b) Importer(815301076,1909f56bfc062723c751e8b465ee728b)  -> (artifact id: '3dd379983546a53353d5e3e75ad1806d') in 0.018589 seconds 
  Import took 0.026006 seconds .

========================================================================
Received Prepare
Registering precompiled user dll's ...
Registered in 0.028038 seconds.
Begin MonoManager ReloadAssembly
Native extension for LinuxStandalone target not found
Native extension for WindowsStandalone target not found
Native extension for OSXStandalone target not found
Native extension for WebGL target not found
Refreshing native plugins compatible for Editor in 2.13 ms, found 2 plugins.
Preloading 0 native plugins for Editor in 0.00 ms.
Mono: successfully reloaded assembly
- Completed reload, in  3.023 seconds
Platform modules already initialized, skipping
Refreshing native plugins compatible for Editor in 1.02 ms, found 2 plugins.
Preloading 0 native plugins for Editor in 0.00 ms.
Unloading 1940 Unused Serialized files (Serialized files now loaded: 0)
System memory in use before: 117.0 MB.
System memory in use after: 116.8 MB.

Unloading 22 unused Assets to reduce memory usage. Loaded Objects now: 2463.
Total: 2.665600 ms (FindLiveObjects: 0.215600 ms CreateObjectMapping: 0.082900 ms MarkObjects: 2.010500 ms  DeleteObjects: 0.355200 ms)

AssetImportParameters requested are different than current active one (requested -> active):
  custom:framework-win-MediaFoundation: 216162199b28c13a410421893ffa2e32 -> 
  custom:video-decoder-ogg-theora: a1e56fd34408186e4bbccfd4996cb3dc -> 
  custom:container-muxer-webm: aa71ff27fc2769a1b78a27578f13a17b -> 
  custom:container-demuxer-webm: 4f35f7cbe854078d1ac9338744f61a02 -> 
  custom:container-demuxer-ogg: 62fdf1f143b41e24485cea50d1cbac27 -> 
  custom:video-encoder-webm-vp8: eb34c28f22e8b96e1ab97ce403110664 -> 
  custom:video-decoder-webm-vp8: 9c59270c3fd7afecdb556c50c9e8de78 -> 
  custom:audio-decoder-ogg-vorbis: bf7c407c2cedff20999df2af8eb42d56 -> 
  custom:audio-encoder-webm-vorbis: bf7c407c2cedff20999df2af8eb42d56 -> 
AssetImportWorkerClient::OnTransportError - code=2 error=End of file
