Using pre-set license
Built from '2020.3/release' branch; Version is '2020.3.12f1 (b3b2c6512326) revision 11776710'; Using compiler version '192528614'; Build Type 'Release'
OS: 'Windows 10 Home; OS build 19045.3693; Version 2009; 64bit' Language: 'en' Physical Memory: 16282 MB
BatchMode: 1, IsHumanControllingUs: 0, StartBugReporterOnCrash: 0, Is64bit: 1, IsPro: 0

 COMMAND LINE ARGUMENTS:
C:\Program Files\Unity\Hub\Editor\2020.3.12f1\Editor\Unity.exe
-adb2
-batchMode
-noUpm
-name
AssetImportWorker1
-projectPath
C:/Users/derek/Documents/git_repos/huffman_lab/Landmarks
-logFile
Logs/AssetImportWorker1.log
-srvPort
50383
Successfully changed project path to: C:/Users/derek/Documents/git_repos/huffman_lab/Landmarks
C:/Users/derek/Documents/git_repos/huffman_lab/Landmarks
Using Asset Import Pipeline V2.
Refreshing native plugins compatible for Editor in 105.03 ms, found 2 plugins.
Preloading 0 native plugins for Editor in 0.00 ms.
Initialize engine version: 2020.3.12f1 (b3b2c6512326)
[Subsystems] Discovering subsystems at path C:/Program Files/Unity/Hub/Editor/2020.3.12f1/Editor/Data/Resources/UnitySubsystems
[Subsystems] Discovering subsystems at path C:/Users/derek/Documents/git_repos/huffman_lab/Landmarks/Assets
GfxDevice: creating device client; threaded=0
Direct3D:
    Version:  Direct3D 11.0 [level 11.1]
    Renderer: NVIDIA GeForce RTX 2070 with Max-Q Design (ID=0x1f10)
    Vendor:   
    VRAM:     8019 MB
    Driver:   31.0.15.3129
Initialize mono
Mono path[0] = 'C:/Program Files/Unity/Hub/Editor/2020.3.12f1/Editor/Data/Managed'
Mono path[1] = 'C:/Program Files/Unity/Hub/Editor/2020.3.12f1/Editor/Data/MonoBleedingEdge/lib/mono/unityjit'
Mono config path = 'C:/Program Files/Unity/Hub/Editor/2020.3.12f1/Editor/Data/MonoBleedingEdge/etc'
Using monoOptions --debugger-agent=transport=dt_socket,embedding=1,server=y,suspend=n,address=127.0.0.1:56444
Begin MonoManager ReloadAssembly
Registering precompiled unity dll's ...
Register platform support module: C:/Program Files/Unity/Hub/Editor/2020.3.12f1/Editor/Data/PlaybackEngines/WebGLSupport/UnityEditor.WebGL.Extensions.dll
Register platform support module: C:/Program Files/Unity/Hub/Editor/2020.3.12f1/Editor/Data/PlaybackEngines/MacStandaloneSupport/UnityEditor.OSXStandalone.Extensions.dll
Register platform support module: C:/Program Files/Unity/Hub/Editor/2020.3.12f1/Editor/Data/PlaybackEngines/WindowsStandaloneSupport/UnityEditor.WindowsStandalone.Extensions.dll
Register platform support module: C:/Program Files/Unity/Hub/Editor/2020.3.12f1/Editor/Data/PlaybackEngines/LinuxStandaloneSupport/UnityEditor.LinuxStandalone.Extensions.dll
Registered in 0.008334 seconds.
Native extension for LinuxStandalone target not found
Native extension for WindowsStandalone target not found
Native extension for OSXStandalone target not found
Native extension for WebGL target not found
Refreshing native plugins compatible for Editor in 136.50 ms, found 2 plugins.
Preloading 0 native plugins for Editor in 0.00 ms.
Mono: successfully reloaded assembly
- Completed reload, in  2.759 seconds
Platform modules already initialized, skipping
Registering precompiled user dll's ...
Registered in 0.014048 seconds.
Begin MonoManager ReloadAssembly
Native extension for LinuxStandalone target not found
Native extension for WindowsStandalone target not found
Native extension for OSXStandalone target not found
Native extension for WebGL target not found
Refreshing native plugins compatible for Editor in 0.70 ms, found 2 plugins.
Preloading 0 native plugins for Editor in 0.00 ms.
Mono: successfully reloaded assembly
- Completed reload, in 11.133 seconds
Platform modules already initialized, skipping
========================================================================
Worker process is ready to serve import requests
Launched and connected shader compiler UnityShaderCompiler.exe after 0.28 seconds
Refreshing native plugins compatible for Editor in 1.88 ms, found 2 plugins.
Preloading 0 native plugins for Editor in 0.00 ms.
Unloading 2006 Unused Serialized files (Serialized files now loaded: 0)
System memory in use before: 105.2 MB.
System memory in use after: 105.0 MB.

Unloading 24 unused Assets to reduce memory usage. Loaded Objects now: 2444.
Total: 4.510500 ms (FindLiveObjects: 0.301800 ms CreateObjectMapping: 0.206100 ms MarkObjects: 3.317200 ms  DeleteObjects: 0.683400 ms)

AssetImportParameters requested are different than current active one (requested -> active):
  custom:framework-win-MediaFoundation: 216162199b28c13a410421893ffa2e32 -> 
  custom:video-decoder-ogg-theora: a1e56fd34408186e4bbccfd4996cb3dc -> 
  custom:container-muxer-webm: aa71ff27fc2769a1b78a27578f13a17b -> 
  custom:container-demuxer-webm: 4f35f7cbe854078d1ac9338744f61a02 -> 
  custom:container-demuxer-ogg: 62fdf1f143b41e24485cea50d1cbac27 -> 
  custom:video-encoder-webm-vp8: eb34c28f22e8b96e1ab97ce403110664 -> 
  custom:video-decoder-webm-vp8: 9c59270c3fd7afecdb556c50c9e8de78 -> 
  custom:audio-decoder-ogg-vorbis: bf7c407c2cedff20999df2af8eb42d56 -> 
  custom:audio-encoder-webm-vorbis: bf7c407c2cedff20999df2af8eb42d56 -> 
========================================================================
Received Import Request.
  path: Assets/Landmarks/Scripts/ExperimentTasks/MoveSpawn.cs
  artifactKey: Guid(201e9890d1a764c8ea736797b2ca29a6) Importer(815301076,1909f56bfc062723c751e8b465ee728b)
Start importing Assets/Landmarks/Scripts/ExperimentTasks/MoveSpawn.cs using Guid(201e9890d1a764c8ea736797b2ca29a6) Importer(815301076,1909f56bfc062723c751e8b465ee728b)  -> (artifact id: '34dcb28d5706683b03cea98e8d47e419') in 0.149820 seconds 
  Import took 0.158820 seconds .

========================================================================
Received Import Request.
  Time since last request: 0.000495 seconds.
  path: Assets/Landmarks/Scripts/ExperimentTasks/NavigationTask.cs
  artifactKey: Guid(7a143aa6c55cc4ba9b524fdac40b25f7) Importer(815301076,1909f56bfc062723c751e8b465ee728b)
Start importing Assets/Landmarks/Scripts/ExperimentTasks/NavigationTask.cs using Guid(7a143aa6c55cc4ba9b524fdac40b25f7) Importer(815301076,1909f56bfc062723c751e8b465ee728b)  -> (artifact id: '22467b112ed6c7798527acc78ece2215') in 0.020930 seconds 
  Import took 0.028097 seconds .

========================================================================
Received Import Request.
  Time since last request: 0.000463 seconds.
  path: Assets/Landmarks/Scripts/ExperimentTasks/MovePlayerToDestination.cs
  artifactKey: Guid(1acfcde066a5e4f04808a2e2c8f4794e) Importer(815301076,1909f56bfc062723c751e8b465ee728b)
Start importing Assets/Landmarks/Scripts/ExperimentTasks/MovePlayerToDestination.cs using Guid(1acfcde066a5e4f04808a2e2c8f4794e) Importer(815301076,1909f56bfc062723c751e8b465ee728b)  -> (artifact id: 'ab9ec9351324c1f95087608eec83c946') in 0.014604 seconds 
  Import took 0.022856 seconds .

AssetImportWorkerClient::OnTransportError - code=2 error=End of file
